Line 111: Cannot load control sspTituloSessao; license not found.
Line 111: Cannot load control sspTituloSessao; license not found.
Line 138: Cannot load control sspTitProxSes; license not found.
Line 165: Cannot load control sspSessao; license not found.
Line 473: Cannot load control sspTituloSala; license not found.
Line 500: Cannot load control sspSala; license not found.
Line 808: Cannot load control sspTituloFilme; license not found.
Line 835: Cannot load control sspFilme; license not found.
Line 1132: Cannot load control sspMensagem; license not found.
Line 1174: Cannot load control sspTituloVenda; license not found.
Line 1200: Cannot load control sspVenda; license not found.
Line 1508: Cannot load control sspHora; license not found.
Line 1534: Cannot load control sspData; license not found.
Line 1572: Cannot load control sspSalaFil; license not found.
Line 1599: Cannot load control sspHoraFilme; license not found.
Line 1624: Cannot load control sspHrProxSessaoFilme; license not found.
Line 1651: Cannot load control sspProxSessaoFilme; license not found.
Line 1678: Cannot load control sspAVenda; license not found.
Line 1705: Cannot load control sspHrSessaoFilme; license not found.
Line 1845: Cannot load control sspTitSessoes; license not found.
Line 2153: Cannot load control sspDescFilme; license not found.
Line 2261: Cannot load control sspCensura; license not found.
Line 2549: Cannot load control sspFilmePrecos; license not found.
Line 2576: Cannot load control sspDiasSemana; license not found.
Line 2603: Cannot load control sspProcional; license not found.
Line 2633: Cannot load control sspInteira; license not found.
Line 2661: Cannot load control sspMeia; license not found.
Line 2745: Cannot load control sspHoraPreco; license not found.
Line 2771: Cannot load control sspManha; license not found.
Line 2797: Cannot load control sspTarde; license not found.
Line 2823: Cannot load control sspIntManha; license not found.
Line 2850: Cannot load control sspMeiaManha; license not found.
Line 2877: Cannot load control sspIntTarde; license not found.
Line 2904: Cannot load control sspMeiaTarde; license not found.
Line 3426: Cannot load control sspMensagemPreco; license not found.
